<?xml version="1.0" encoding="UTF-8"?>
<!-- Generated by org.testng.reporters.JUnitReportReporter -->
<testsuite hostname="DESKTOP-HIFHRK6" failures="0" tests="2" name="facebookTest.Annotations_Results" time="0.019" errors="0" timestamp="2022-09-28T23:15:33 IST" skipped="0">
  <testcase classname="facebookTest.Annotations_Results" name="Testcase03" time="0.005"/>
  <system-out/>
  <testcase classname="facebookTest.Annotations_Results" name="Testcase01" time="0.014"/>
  <system-out/>
</testsuite> <!-- facebookTest.Annotations_Results -->
