<?xml version="1.0" encoding="UTF-8"?>
<!-- Generated by org.testng.reporters.JUnitReportReporter -->
<testsuite hostname="DESKTOP-HIFHRK6" failures="0" tests="1" name="TesTNG_Assertions.Aseertion_HardSoft" time="0.034" errors="0" timestamp="2022-10-03T20:34:11 IST" skipped="0">
  <testcase classname="TesTNG_Assertions.Aseertion_HardSoft" name="TC01" time="0.034"/>
  <system-out/>
</testsuite> <!-- TesTNG_Assertions.Aseertion_HardSoft -->
