<?xml version="1.0" encoding="UTF-8"?>
<!-- Generated by org.testng.reporters.JUnitReportReporter -->
<testsuite hostname="DESKTOP-HIFHRK6" failures="0" tests="1" name="Annotations_TestNG.Anotations_Practice_Login" time="1.738" errors="0" timestamp="2022-09-29T16:10:06 IST" skipped="0">
  <testcase classname="Annotations_TestNG.Anotations_Practice_Login" name="TC01" time="1.738"/>
  <system-out/>
</testsuite> <!-- Annotations_TestNG.Anotations_Practice_Login -->
