<?xml version="1.0" encoding="UTF-8"?>
<!-- Generated by org.testng.reporters.JUnitReportReporter -->
<testsuite hostname="DESKTOP-HIFHRK6" failures="0" tests="4" name="facebookTest.PrioritiesTestCase" time="0.027" errors="0" timestamp="2022-09-28T13:30:29 IST" skipped="1">
  <testcase classname="facebookTest.PrioritiesTestCase" name="Testcase01" time="0.020"/>
  <system-out/>
  <testcase classname="facebookTest.PrioritiesTestCase" name="Testcase02" time="0.004"/>
  <system-out/>
  <testcase classname="facebookTest.PrioritiesTestCase" name="Testcase03" time="0.003"/>
  <system-out/>
  <testcase classname="facebookTest.PrioritiesTestCase" name="Testcase04">
    <skipped/>
  </testcase> <!-- Testcase04 -->
  <system-out/>
</testsuite> <!-- facebookTest.PrioritiesTestCase -->
