<?xml version="1.0" encoding="UTF-8"?>
<!-- Generated by org.testng.reporters.JUnitReportReporter -->
<testsuite hostname="DESKTOP-HIFHRK6" failures="0" tests="3" name="TestClasses.TestClass3" time="0.041" errors="0" timestamp="2022-09-29T22:33:41 IST" skipped="0">
  <testcase classname="TestClasses.TestClass3" name="TC07" time="0.019"/>
  <system-out/>
  <testcase classname="TestClasses.TestClass3" name="TC08" time="0.019"/>
  <system-out/>
  <testcase classname="TestClasses.TestClass3" name="TC09" time="0.003"/>
  <system-out/>
</testsuite> <!-- TestClasses.TestClass3 -->
