<?xml version="1.0" encoding="UTF-8"?>
<!-- Generated by org.testng.reporters.JUnitReportReporter -->
<testsuite hostname="DESKTOP-HIFHRK6" failures="0" tests="2" name="CrossBrowserTesting.A1_CrossBrowsr_Testing_Class" time="0.191" errors="0" timestamp="2022-10-12T11:34:53 IST" skipped="0">
  <testcase classname="CrossBrowserTesting.A1_CrossBrowsr_Testing_Class" name="TC01_Verify_Google_Title" time="0.030"/>
  <system-out/>
  <testcase classname="CrossBrowserTesting.A1_CrossBrowsr_Testing_Class" name="TC01_Verify_Google_Title" time="0.161"/>
  <system-out/>
</testsuite> <!-- CrossBrowserTesting.A1_CrossBrowsr_Testing_Class -->
