<?xml version="1.0" encoding="UTF-8"?>
<!-- Generated by org.testng.reporters.JUnitReportReporter -->
<testsuite hostname="DESKTOP-HIFHRK6" failures="0" tests="3" name="TestClasses.TestClass1" time="0.047" errors="0" timestamp="2022-09-29T22:33:41 IST" skipped="0">
  <testcase classname="TestClasses.TestClass1" name="TC02" time="0.007"/>
  <system-out/>
  <testcase classname="TestClasses.TestClass1" name="TC01" time="0.019"/>
  <system-out/>
  <testcase classname="TestClasses.TestClass1" name="TC03" time="0.021"/>
  <system-out/>
</testsuite> <!-- TestClasses.TestClass1 -->
