<?xml version="1.0" encoding="UTF-8"?>
<!-- Generated by org.testng.reporters.JUnitReportReporter -->
<testsuite hostname="DESKTOP-HIFHRK6" failures="0" tests="3" name="Annotations_TestNG.Annotations_Results" time="0.032" errors="0" timestamp="2022-09-30T16:06:47 IST" skipped="0">
  <testcase classname="Annotations_TestNG.Annotations_Results" name="Testcase03" time="0.007"/>
  <system-out/>
  <testcase classname="Annotations_TestNG.Annotations_Results" name="Testcase01" time="0.020"/>
  <system-out/>
  <testcase classname="Annotations_TestNG.Annotations_Results" name="Testcase02" time="0.005"/>
  <system-out/>
</testsuite> <!-- Annotations_TestNG.Annotations_Results -->
