<?xml version="1.0" encoding="UTF-8"?>
<!-- Generated by org.testng.reporters.JUnitReportReporter -->
<testsuite hostname="DESKTOP-HIFHRK6" failures="0" tests="1" name="TestClassWithBaseClass" time="0.022" errors="0" timestamp="2022-10-04T15:47:53 IST" skipped="0">
  <testcase classname="TestClassWithBaseClass" name="TC01" time="0.022"/>
  <system-out/>
</testsuite> <!-- TestClassWithBaseClass -->
