<?xml version="1.0" encoding="UTF-8"?>
<!-- Generated by org.testng.reporters.JUnitReportReporter -->
<testsuite hostname="DESKTOP-HIFHRK6" failures="0" tests="2" name="Grouping_Package.TestClass2" time="0.019" errors="0" timestamp="2022-10-07T20:10:42 IST" skipped="0">
  <testcase classname="Grouping_Package.TestClass2" name="TC06" time="0.003"/>
  <system-out/>
  <testcase classname="Grouping_Package.TestClass2" name="TC04" time="0.016"/>
  <system-out/>
</testsuite> <!-- Grouping_Package.TestClass2 -->
