<?xml version="1.0" encoding="UTF-8"?>
<!-- Generated by org.testng.reporters.JUnitReportReporter -->
<testsuite hostname="DESKTOP-HIFHRK6" failures="0" tests="3" name="TestClasses.TestClass2" time="0.036" errors="0" timestamp="2022-09-29T22:33:41 IST" skipped="0">
  <testcase classname="TestClasses.TestClass2" name="TC06" time="0.013"/>
  <system-out/>
  <testcase classname="TestClasses.TestClass2" name="TC04" time="0.019"/>
  <system-out/>
  <testcase classname="TestClasses.TestClass2" name="TC05" time="0.004"/>
  <system-out/>
</testsuite> <!-- TestClasses.TestClass2 -->
