<?xml version="1.0" encoding="UTF-8"?>
<!-- Generated by org.testng.reporters.JUnitReportReporter -->
<testsuite hostname="DESKTOP-HIFHRK6" failures="0" tests="2" name="Grouping_Package.TestClass1" time="0.021" errors="0" timestamp="2022-10-07T19:45:29 IST" skipped="0">
  <testcase classname="Grouping_Package.TestClass1" name="TC01" time="0.018"/>
  <system-out/>
  <testcase classname="Grouping_Package.TestClass1" name="TC03" time="0.003"/>
  <system-out/>
</testsuite> <!-- Grouping_Package.TestClass1 -->
