<?xml version="1.0" encoding="UTF-8"?>
<!-- Generated by org.testng.reporters.JUnitReportReporter -->
<testsuite hostname="DESKTOP-HIFHRK6" failures="0" tests="3" name="facebookTest.Annotations_Yotube" time="0.038" errors="0" timestamp="2022-09-29T14:57:40 IST" skipped="0">
  <testcase classname="facebookTest.Annotations_Yotube" name="Testcase01" time="0.020"/>
  <system-out/>
  <testcase classname="facebookTest.Annotations_Yotube" name="Testcase07" time="0.007"/>
  <system-out/>
  <testcase classname="facebookTest.Annotations_Yotube" name="Testcase03" time="0.011"/>
  <system-out/>
</testsuite> <!-- facebookTest.Annotations_Yotube -->
